Determining if the pthread_create exist failed with the following output:
Change Dir: /home/toby/ThirdYearProject/ros2TurtleBot3_ws/build/square_move/CMakeFiles/CMakeTmp

Run Build Command:"/usr/bin/make" "cmTC_fdaf6/fast"
/usr/bin/make -f CMakeFiles/cmTC_fdaf6.dir/build.make CMakeFiles/cmTC_fdaf6.dir/build
make[1]: Entering directory '/home/toby/ThirdYearProject/ros2TurtleBot3_ws/build/square_move/CMakeFiles/CMakeTmp'
Building C object CMakeFiles/cmTC_fdaf6.dir/CheckSymbolExists.c.o
/usr/bin/cc    -o CMakeFiles/cmTC_fdaf6.dir/CheckSymbolExists.c.o   -c /home/toby/ThirdYearProject/ros2TurtleBot3_ws/build/square_move/CMakeFiles/CMakeTmp/CheckSymbolExists.c
Linking C executable cmTC_fdaf6
/usr/bin/cmake -E cmake_link_script CMakeFiles/cmTC_fdaf6.dir/link.txt --verbose=1
/usr/bin/cc      CMakeFiles/cmTC_fdaf6.dir/CheckSymbolExists.c.o  -o cmTC_fdaf6 
CMakeFiles/cmTC_fdaf6.dir/CheckSymbolExists.c.o: In function `main':
CheckSymbolExists.c:(.text+0x1b): undefined reference to `pthread_create'
collect2: error: ld returned 1 exit status
CMakeFiles/cmTC_fdaf6.dir/build.make:97: recipe for target 'cmTC_fdaf6' failed
make[1]: *** [cmTC_fdaf6] Error 1
make[1]: Leaving directory '/home/toby/ThirdYearProject/ros2TurtleBot3_ws/build/square_move/CMakeFiles/CMakeTmp'
Makefile:126: recipe for target 'cmTC_fdaf6/fast' failed
make: *** [cmTC_fdaf6/fast] Error 2

File /home/toby/ThirdYearProject/ros2TurtleBot3_ws/build/square_move/CMakeFiles/CMakeTmp/CheckSymbolExists.c:
/* */
#include <pthread.h>

int main(int argc, char** argv)
{
  (void)argv;
#ifndef pthread_create
  return ((int*)(&pthread_create))[argc];
#else
  (void)argc;
  return 0;
#endif
}

Determining if the function pthread_create exists in the pthreads failed with the following output:
Change Dir: /home/toby/ThirdYearProject/ros2TurtleBot3_ws/build/square_move/CMakeFiles/CMakeTmp

Run Build Command:"/usr/bin/make" "cmTC_27fdb/fast"
/usr/bin/make -f CMakeFiles/cmTC_27fdb.dir/build.make CMakeFiles/cmTC_27fdb.dir/build
make[1]: Entering directory '/home/toby/ThirdYearProject/ros2TurtleBot3_ws/build/square_move/CMakeFiles/CMakeTmp'
Building C object CMakeFiles/cmTC_27fdb.dir/CheckFunctionExists.c.o
/usr/bin/cc   -DCHECK_FUNCTION_EXISTS=pthread_create   -o CMakeFiles/cmTC_27fdb.dir/CheckFunctionExists.c.o   -c /usr/share/cmake-3.10/Modules/CheckFunctionExists.c
Linking C executable cmTC_27fdb
/usr/bin/cmake -E cmake_link_script CMakeFiles/cmTC_27fdb.dir/link.txt --verbose=1
/usr/bin/cc  -DCHECK_FUNCTION_EXISTS=pthread_create    CMakeFiles/cmTC_27fdb.dir/CheckFunctionExists.c.o  -o cmTC_27fdb -lpthreads 
/usr/bin/ld: cannot find -lpthreads
collect2: error: ld returned 1 exit status
CMakeFiles/cmTC_27fdb.dir/build.make:97: recipe for target 'cmTC_27fdb' failed
make[1]: *** [cmTC_27fdb] Error 1
make[1]: Leaving directory '/home/toby/ThirdYearProject/ros2TurtleBot3_ws/build/square_move/CMakeFiles/CMakeTmp'
Makefile:126: recipe for target 'cmTC_27fdb/fast' failed
make: *** [cmTC_27fdb/fast] Error 2


